Сборка начата 26.04.2024 11:52:20.
Уровень детализации журнала: Normal.     1>Проект "C:\Users\admin\Documents\уник\аисд\лабы по аисд\лаба 4\lab_4_01\lab_4_01\lab_4_01.vcxproj" в узле 2 (целевые объекты Build).
     1>PrepareForBuild:
         Структурированный вывод включен. Форматирование диагностики компилятора будет отражать иерархию ошибок. Подробнее см. https://aka.ms/cpp/structured-output.
       InitializeBuildStatus:
         Создание "Debug\lab_4_01.tlog\unsuccessfulbuild", так как было задано "AlwaysCreate".
         Обращение к "Debug\lab_4_01.tlog\unsuccessfulbuild".
       ClCompile:
         C:\Program Files\Microsoft Visual Studio\2022\Community\VC\Tools\MSVC\14.38.33130\bin\HostX86\x86\CL.exe /c /ZI /JMC /nologo /W3 /WX- /diagnostics:column /sdl /Od /Oy- /D WIN32 /D _DEBUG /D _CONSOLE /D _UNICODE /D UNICODE /Gm- /EHsc /RTC1 /MDd /GS /fp:precise /Zc:wchar_t /Zc:forScope /Zc:inline /permissive- /Fo"Debug\\" /Fd"Debug\vc143.pdb" /external:W3 /Gd /TP /analyze- /FC /errorReport:prompt lab_4_01.cpp
         lab_4_01.cpp
     1>C:\Users\admin\Documents\уник\аисд\лабы по аисд\лаба 4\lab_4_01\lab_4_01\lab_4_01.cpp(51,15): warning C4244: аргумент: преобразование "time_t" в "unsigned int", возможна потеря данных
       Link:
         C:\Program Files\Microsoft Visual Studio\2022\Community\VC\Tools\MSVC\14.38.33130\bin\HostX86\x86\link.exe /ERRORREPORT:PROMPT /OUT:"C:\Users\admin\Documents\уник\аисд\лабы по аисд\лаба 4\lab_4_01\Debug\lab_4_01.exe" /INCREMENTAL /ILK:"Debug\lab_4_01.ilk" /NOLOGO kernel32.lib user32.lib gdi32.lib winspool.lib comdlg32.lib advapi32.lib shell32.lib ole32.lib oleaut32.lib uuid.lib odbc32.lib odbccp32.lib /MANIFEST /MANIFESTUAC:"level='asInvoker' uiAccess='false'" /manifest:embed /DEBUG /PDB:"C:\Users\admin\Documents\уник\аисд\лабы по аисд\лаба 4\lab_4_01\Debug\lab_4_01.pdb" /SUBSYSTEM:CONSOLE /TLBID:1 /DYNAMICBASE /NXCOMPAT /IMPLIB:"C:\Users\admin\Documents\уник\аисд\лабы по аисд\лаба 4\lab_4_01\Debug\lab_4_01.lib" /MACHINE:X86 Debug\lab_4_01.obj
         lab_4_01.vcxproj -> C:\Users\admin\Documents\уник\аисд\лабы по аисд\лаба 4\lab_4_01\Debug\lab_4_01.exe
       FinalizeBuildStatus:
         Файл "Debug\lab_4_01.tlog\unsuccessfulbuild" удаляется.
         Обращение к "Debug\lab_4_01.tlog\lab_4_01.lastbuildstate".
     1>Сборка проекта "C:\Users\admin\Documents\уник\аисд\лабы по аисд\лаба 4\lab_4_01\lab_4_01\lab_4_01.vcxproj" завершена (целевые объекты Build).

Сборка успешно завершена.

       "C:\Users\admin\Documents\уник\аисд\лабы по аисд\лаба 4\lab_4_01\lab_4_01\lab_4_01.vcxproj" (целевой объект Build ) (1) ->
       (Целевой объект ClCompile) -> 
         C:\Users\admin\Documents\уник\аисд\лабы по аисд\лаба 4\lab_4_01\lab_4_01\lab_4_01.cpp(51,15): warning C4244: аргумент: преобразование "time_t" в "unsigned int", возможна потеря данных

    Предупреждений: 1
    Ошибок: 0

Прошло времени 00:00:01.88
